C251 COMPILER V5.60.0,  database                                                           16/10/23  23:33:43  PAGE 1   


C251 COMPILER V5.60.0, COMPILATION OF MODULE database
OBJECT MODULE PLACED IN .\Out_File\database.obj
COMPILER INVOKED BY: D:\Software\Keil_v5\C251\BIN\C251.EXE ..\USER\src\database.c XSMALL UNSIGNED_CHAR WARNINGLEVEL(3) B
                    -ROWSE INCDIR(..\..\Libraries\libraries;..\..\Libraries\seekfree_libraries;..\..\Libraries\seekfree_peripheral;..\CODE;..
                    -\USER\inc;..\USER\src) DEBUG PRINT(.\Out_File\database.lst) OBJECT(.\Out_File\database.obj) 

stmt  level    source

    1          #include "headfile.h"
    2          
    3          #define ALL_DATA 22
    4          //各种数据的基地址(这里define主要是为了说明)
    5          #define ADC_MAX         0       //uint16 * 4    (第4位在前)
    6          #define ADC_MIN         8       //uint16 * 4
    7          #define Steer_Kp        16      //float
    8          #define Steer_Ki        18      //float
    9          #define Steer_Kd        20      //float
   10          
   11          
   12          
   13          void data_save(){
   14   1      //      uint8 temp[3];
   15   1      ////    temp[0]  = (uint8)10*car.servo.kp ;
   16   1      ////    temp[1]  = (uint8) 10*car.servo.ki ;
   17   1      ////    temp[2]  = (uint8)10*car.servo.kd ;
   18   1      //      
   19   1      //      
   20   1      //      temp[0]  = 2 ;
   21   1      //      temp[1]  = 3 ;
   22   1      //      temp[2]  = 4;
   23   1      ////    at24c02_write_bytes(0, temp,3);
   24   1      //  iap_write_bytes(0,temp,3);
   25   1      }
   26          void data_read(){
   27   1              
   28   1      //      uint8 temp[3];
   29   1      //      at24c02_read_bytes(0, temp,3);
   30   1      ////    car.servo.kp =  (float)(temp[0])/10.0f ;
   31   1      ////    car.servo.ki =  (float)(temp[1])/10.0f ;
   32   1      ////    car.servo.kd =  (float)(temp[2])/10.0f ;
   33   1      //      
   34   1      //      car.servo.kp =  temp[0] ;
   35   1      //      car.servo.ki =  temp[1] ;
   36   1      //      car.servo.kd =  temp[2] ;
   37   1      
   38   1      
   39   1      }


Module Information          Static   Overlayable
------------------------------------------------
  code size            =         2     ------
  ecode size           =    ------     ------
  data size            =    ------     ------
  idata size           =    ------     ------
  pdata size           =    ------     ------
  xdata size           =    ------     ------
  xdata-const size     =    ------     ------
  edata size           =    ------     ------
  bit size             =    ------     ------
  ebit size            =    ------     ------
  bitaddressable size  =    ------     ------
  ebitaddressable size =    ------     ------
  far data size        =    ------     ------
  huge data size       =    ------     ------
  const size           =    ------     ------
C251 COMPILER V5.60.0,  database                                                           16/10/23  23:33:43  PAGE 2   

  hconst size          =    ------     ------
End of Module Information.


C251 COMPILATION COMPLETE.  0 WARNING(S),  0 ERROR(S)
