C251 COMPILER V5.60.0,  main                                                               11/10/23  16:55:27  PAGE 1   


C251 COMPILER V5.60.0, COMPILATION OF MODULE main
OBJECT MODULE PLACED IN .\Out_File\main.obj
COMPILER INVOKED BY: D:\Software\Keil_v5\C251\BIN\C251.EXE ..\USER\src\main.c XSMALL UNSIGNED_CHAR WARNINGLEVEL(3) BROWS
                    -E INCDIR(..\..\Libraries\libraries;..\..\Libraries\seekfree_libraries;..\..\Libraries\seekfree_peripheral;..\CODE;..\USE
                    -R\inc;..\USER\src) DEBUG PRINT(.\Out_File\main.lst) OBJECT(.\Out_File\main.obj) 

stmt  level    source

    1          /********************************************************************************************************
             -*************
    2           * @file                main
    3           * @author              Wang
    4           * @version             1.1.0
    5           * @Software            MDK FOR C251 V5.60
    6           * @Target core         STC32G12K128
    7           * @date                2023-10-10
    8           * @brief           警告：绝对禁止在中断中使用串口发送数据，否则就死机了！
    9           ********************************************************************************************************
             -************/
   10          
   11          #include "headfile.h"
   12          #include "key.h"
   13          
   14          #define HALL_PIN P26
   15          
   16           /*
   17            * 系统频率，可查看board.h中的 FOSC 宏定义修改。
   18            * board.h文件中FOSC的值设置为0,则程序自动设置系统频率为33.1776MHZ
   19            * 在board_init中,已经将P54引脚设置为复位
   20            * 如果需要使用P54引脚,可以在board.c文件中的board_init()函数中删除SET_P54_RESRT即可
   21            */
   22          
   23          
   24          void main()
   25          {
   26   1          int key;    
   27   1      
   28   1          board_init();                       // 初始化寄存器,勿删除此句代码。
   29   1      
   30   1          // 此处编写用户代码(例如：外设初始化代码等)
   31   1          car_System_Init();    //外设初始化
   32   1          car_Parameter_Init(); //参数初始化
   33   1          //Read_Para();
   34   1      //        pit_timer_ms(TIM_4, 5);
   35   1          while(1)
   36   1              {
   37   2              key = KEY_Scan();
   38   2              if(key == KEY_3)
   39   2              {       
   40   3                  Start_Up();
   41   3              }
   42   2              if(key == KEY_1)
   43   2              {
   44   3                  Force_Stop();
   45   3              }
   46   2          }
   47   1      }
   48          
   49          //void pit_handler(void)
   50          //{
   51          //}


Module Information          Static   Overlayable
------------------------------------------------
  code size            =        34     ------
C251 COMPILER V5.60.0,  main                                                               11/10/23  16:55:27  PAGE 2   

  ecode size           =    ------     ------
  data size            =    ------     ------
  idata size           =    ------     ------
  pdata size           =    ------     ------
  xdata size           =    ------     ------
  xdata-const size     =    ------     ------
  edata size           =    ------     ------
  bit size             =    ------     ------
  ebit size            =    ------     ------
  bitaddressable size  =    ------     ------
  ebitaddressable size =    ------     ------
  far data size        =    ------     ------
  huge data size       =    ------     ------
  const size           =    ------     ------
  hconst size          =    ------     ------
End of Module Information.


C251 COMPILATION COMPLETE.  0 WARNING(S),  0 ERROR(S)
