C251 COMPILER V5.60.0,  oled                                                               09/10/23  22:25:42  PAGE 1   


C251 COMPILER V5.60.0, COMPILATION OF MODULE oled
OBJECT MODULE PLACED IN .\Out_File\oled.obj
COMPILER INVOKED BY: D:\Software\Keil_v5\C251\BIN\C251.EXE ..\USER\src\oled.c XSMALL UNSIGNED_CHAR WARNINGLEVEL(3) BROWS
                    -E INCDIR(..\..\Libraries\libraries;..\..\Libraries\seekfree_libraries;..\..\Libraries\seekfree_peripheral;..\CODE;..\USE
                    -R\inc;..\USER\src) DEBUG PRINT(.\Out_File\oled.lst) OBJECT(.\Out_File\oled.obj) 

stmt  level    source

    1          #include "oled.h"
*** WARNING C317 IN LINE 5 OF ..\USER\inc\oled.h: attempt to redefine macro 'OLED_SCL'
*** WARNING C317 IN LINE 6 OF ..\USER\inc\oled.h: attempt to redefine macro 'OLED_SDA'
*** WARNING C317 IN LINE 7 OF ..\USER\inc\oled.h: attempt to redefine macro 'OLED_DC'
*** WARNING C317 IN LINE 8 OF ..\USER\inc\oled.h: attempt to redefine macro 'OLED_CS'
    2          #include "SEEKFREE_PRINTF.h"
    3          
    4          //void delay_ms(unsigned int ms)
    5          //{                         
    6          //      unsigned int a;
    7          //      while(ms)
    8          //      {
    9          //              a=1800;
   10          //              while(a--);
   11          //              ms--;
   12          //      }
   13          //      return;
   14          //}
   15          // uint32 zf_sprintf(int8 *buff, const int8 *format, ...)
   16          // {
   17          //     uint32 buff_len=0;
   18          //     va_list arg;
   19          //      va_start(arg, format);
   20           
   21          //      while (*format)
   22          //      {
   23          //              int8 ret = *format;
   24          //              if (ret == '%')
   25          //              {
   26          //                      switch (*++format)
   27          //                      {
   28          //                 case 'a':// ????????p????ˇ¨?????????? ????????
   29          //                 {
   30                              
   31                              
   32          //                 }break;
   33                          
   34                          
   35          //                 case 'c':// ????×?ˇ?
   36          //                 {
   37          //                     int8 ch = (int8)va_arg(arg, uint32);
   38          //                     *buff = ch;
   39          //                     buff++;
   40          //                     buff_len++;
   41                                      
   42          //                 }break;
   43                          
   44                          
   45          //                 case 'd':
   46          //                 case 'i':// ??ˇ?????????????
   47          //                 {
   48          //                     int8 vstr[33];
   49          //                     int32 ival = (int32)va_arg(arg, int32);
   50          //                     uint8 vlen = number_conversion_ascii((uint32)ival, vstr, 1, 10);
   51                              
   52          //                     if(ival<0)  
   53          //                     {
C251 COMPILER V5.60.0,  oled                                                               09/10/23  22:25:42  PAGE 2   

   54          //                         vstr[vlen] = '-';
   55          //                         vlen++;
   56          //                     }
   57          //                     printf_reverse_order(vstr,vlen);
   58          //                     memcpy(buff,vstr,vlen);
   59          //                     buff += vlen;
   60          //                     buff_len += vlen;
   61                              
   62                              
   63          //                 }break;
   64                          
   65          //                 case 'f':// ???????????????????ó????  ???????¨????????
   66          //                 case 'F':// ???????????????????ó????  ???????¨????????
   67          //                 {
   68          //                     int8 vstr[33];
   69          //                     double ival = (double)va_arg(arg, double);
   70          //                     uint8 vlen = number_conversion_ascii((uint32)(int32)ival, vstr, 1, 10);
   71                              
   72          //                     if(ival<0)  
   73          //                     {
   74          //                         vstr[vlen] = '-';
   75          //                         vlen++;
   76          //                     }
   77          //                     printf_reverse_order(vstr,vlen);
   78          //                     memcpy(buff,vstr,vlen);
   79          //                     buff += vlen;
   80          //                     buff_len += vlen;
   81          
   82          //                     ival = ((double)ival - (int32)ival)*1000000;
   83          //                     if(ival)
   84          //                     {
   85          //                         vlen = number_conversion_ascii((uint32)(int32)ival, vstr, 1, 10);
   86          //                     }
   87          //                     else
   88          //                     {
   89          //                         vstr[0] = vstr[1] = vstr[2] = vstr[3] = vstr[4] = vstr[5] = '0';
   90          //                         vlen = 6;
   91          //                     }
   92                                                  
   93          //                     while(6>vlen)
   94          //                     {
   95          //                         vstr[vlen] = '0';
   96          //                         vlen++;
   97          //                     }
   98                                                  
   99          //                     vstr[vlen] = '.';
  100          //                     vlen++;
  101                              
  102          //                     printf_reverse_order(vstr,vlen);
  103          //                     memcpy(buff,vstr,vlen);
  104          //                     buff_len += vlen;
  105          
  106          //                     break;
  107          //                 }
  108                          
  109          //                 case 'u':// ??ˇ?????????????
  110          //                 {
  111          //                     int8 vstr[33];
  112          //                     uint32 ival = (uint32)va_arg(arg, uint32);
  113          //                     uint8 vlen = number_conversion_ascii(ival, vstr, 0, 10);
  114                              
  115          //                     printf_reverse_order(vstr,vlen);
  116          //                     memcpy(buff,vstr,vlen);
  117          //                     buff += vlen;
  118          //                     buff_len += vlen;
  119          //                 }break;
C251 COMPILER V5.60.0,  oled                                                               09/10/23  22:25:42  PAGE 3   

  120                          
  121          //                 case 'o':// ??ˇ???°????????? 
  122          //                 {
  123          //                     int8 vstr[33];
  124          //                     uint32 ival = (uint32)va_arg(arg, uint32);
  125          //                     uint8 vlen = number_conversion_ascii(ival, vstr, 0, 8);
  126                              
  127          //                     printf_reverse_order(vstr,vlen);
  128          //                     memcpy(buff,vstr,vlen);
  129          //                     buff += vlen;
  130          //                     buff_len += vlen;
  131                              
  132          //                 }break;
  133                          
  134          //                 case 'x':// ??ˇ???????????????
  135          //                 case 'X':// ??ˇ???????????????
  136          //                 {
  137          //                     int8 vstr[33];
  138          //                     uint32 ival = (uint32)va_arg(arg, uint32);
  139          //                     uint8 vlen = number_conversion_ascii(ival, vstr, 0, 16);
  140                              
  141          //                     printf_reverse_order(vstr,vlen);
  142          //                     memcpy(buff,vstr,vlen);
  143          //                     buff += vlen;
  144          //                     buff_len += vlen;
  145          //                 }break;
  146                          
  147                          
  148          //                 case 's':// ×?ˇ???
  149          //                 {
  150          //                     int8 *pc = va_arg(arg, int8 *);
  151          //                     while (*pc)
  152          //                     {
  153          //                         *buff = *pc;
  154          //                         buff++;
  155          //                         buff_len++;
  156          //                         pc++;
  157          //                     }
  158          //                 }break;
  159                          
  160          //                 case 'p':// ??16????????????????
  161          //                 {
  162          //                     int8 vstr[33];
  163          //                     uint32 ival = (uint32)va_arg(arg, uint32);
  164          //                     //uint8 vlen = number_conversion_ascii(ival, vstr, 0, 16);
  165          //                                      number_conversion_ascii(ival, vstr, 0, 16);
  166                              
  167          //                     printf_reverse_order(vstr,8);
  168          //                     memcpy(buff,vstr,8);
  169          //                     buff += 8;
  170          //                     buff_len += 8;
  171                                      
  172          //                 }break;
  173                          
  174                          
  175          //                 case '%':// ????×?ˇ?% 
  176          //                 {
  177          //                     *buff = '%';
  178          //                     buff++;
  179          //                     buff_len++;
  180          //                 }break;
  181          
  182          //                 default:break;
  183          //                      }
  184          //              }
  185          //              else
C251 COMPILER V5.60.0,  oled                                                               09/10/23  22:25:42  PAGE 4   

  186          //              {
  187          //             *buff = (int8)(*format);
  188          //             buff++;
  189          //             buff_len++;
  190          //              }
  191          //              format++;
  192          //      }
  193          //      va_end(arg);
  194          
  195          //     return buff_len;
  196          // }
  197          
  198          //-------------------------------------------------------------------------------------------------------
             -------------
  199          //  @brief      OLED显示浮点数(去除整数部分无效的0)
  200          //  @param      x                       x轴坐标设置0-127
  201          //  @param      y           y轴坐标设置0-7
  202          //  @param      dat             需要显示的变量，数据类型float或double
  203          //  @param      num         整数位显示长度   最高10位  
  204          //  @param      pointnum    小数位显示长度   最高6位
  205          //  @return     void
  206          //  @since      v1.0
  207          //  Sample usage:           oled_printf_float(0,0,x,2,3);//显示浮点数   整数显示2位   小数显示三位
  208          //  @note                   特别注意当发现小数部分显示的值与你写入的值不一样的时候，
  209          //                          可能是由于浮点数精度丢失问题导致的，这并不是显示函数的问题，
  210          //                          有关问题的详情，请自行百度学习   浮点数精度丢失问题。
  211          //                          负数会显示一个 ‘-’号   正数显示一个空格
  212          //-------------------------------------------------------------------------------------------------------
             -------------
  213          void oled_printf_float_spi(uint16 x,uint16 y,double dat,uint8 num,uint8 pointnum)
  214          {
  215   1          uint8   length;
  216   1              int8    buff[34];
  217   1              int8    start,end,point;
  218   1      
  219   1              if(6<pointnum)  pointnum = 6;
  220   1          if(10<num)      num = 10;
  221   1              
  222   1          if(0>dat)   length = zf_sprintf( &buff[0],"%f",dat);//负数
  223   1          else
  224   1          {
  225   2              length = zf_sprintf( &buff[1],"%f",dat);
  226   2              length++;
  227   2          }
  228   1          point = length - 7;         //计算小数点位置
  229   1          start = point - num - 1;    //计算起始位
  230   1          end = point + pointnum + 1; //计算结束位
  231   1          while(0>start)//整数位不够  末尾应该填充空格
  232   1          {
  233   2              buff[end] = ' ';
  234   2              end++;
  235   2              start++;
  236   2          }
  237   1          
  238   1          if(0>dat)   buff[start] = '-';
  239   1          else        buff[start] = ' ';
  240   1          
  241   1          buff[end] = '\0';
  242   1          
  243   1          OLED_Display_GB2312_string((uint8)x, (uint8)y, (int8 *)buff);       //显示数字
  244   1      }
  245          
  246          //-------------------------------------------------------------------------------------------------------
             -------------
  247          //  @brief      内部调用，用户无需关心
  248          //  @param      void                
C251 COMPILER V5.60.0,  oled                                                               09/10/23  22:25:42  PAGE 5   

  249          //  @return                                     
  250          //  @since      v1.0
  251          //  Sample usage:               
  252          //-------------------------------------------------------------------------------------------------------
             -------------
  253          void oled_hexascii_spi(uint16 hex,int8 * Print)
  254          {
  255   1              uint8 hexcheck ;
  256   1              uint8 TEMP ;
  257   1              TEMP = 6 ;
  258   1              Print[TEMP ]='\0';
  259   1              while(TEMP)
  260   1              {
  261   2                      TEMP -- ;
  262   2                      hexcheck  =  hex%10 ;
  263   2                      hex   /=10 ;
  264   2                      Print[TEMP ]  = hexcheck + 0x30 ;
  265   2              }
  266   1        
  267   1      }
  268          
  269          
  270          //-------------------------------------------------------------------------------------------------------
             -------------
  271          //  @brief      OLED显示无符号数(6*8字体)
  272          //  @param      x                       x轴坐标设置0-127
  273          //  @param      y           y轴坐标设置0-7
  274          //  @param      num         无符号数
  275          //  @return     void
  276          //  @since      v1.0
  277          //  Sample usage:                       
  278          //-------------------------------------------------------------------------------------------------------
             -------------
  279          void oled_uint16_spi(uint8 x, uint8 y, uint16 num)
  280          {
  281   1              int8 ch[7];
  282   1              
  283   1              oled_hexascii_spi(num,ch);
  284   1          
  285   1          OLED_Display_GB2312_string(x, y, &ch[1]);       //显示数字  6*8字体
  286   1          //oled_p8x16str(x, y, &ch[1]);      //显示数字  8*16字体
  287   1      }
  288          
  289          //-------------------------------------------------------------------------------------------------------
             -------------
  290          //  @brief      OLED显示有符号数(6*8字体)
  291          //  @param      x                       x轴坐标设置0-127
  292          //  @param      y           y轴坐标设置0-7
  293          //  @param      num         有符号数
  294          //  @return     void
  295          //  @since      v1.0
  296          //  Sample usage:                       
  297          //-------------------------------------------------------------------------------------------------------
             -------------
  298          void oled_int16_spi(uint8 x, uint8 y, int16 num)
  299          {
  300   1              int8 ch[7];
  301   1              if(num<0)   {num = -num;OLED_Display_GB2312_string(x, y, "-");}
  302   1              else         OLED_Display_GB2312_string(x, y, " ");
  303   1              x+=6;       
  304   1          
  305   1              oled_hexascii_spi(num,ch);
  306   1          OLED_Display_GB2312_string(x, y, &ch[1]);       //显示数字  6*8字体
  307   1      }
  308          
  309          
C251 COMPILER V5.60.0,  oled                                                               09/10/23  22:25:42  PAGE 6   

  310          
  311          
  312          
  313          
  314          
  315          
  316          
  317          
  318          
  319          
  320          
  321          
  322          //反显函数
  323          void OLED_ColorTurn(u8 i)
  324          {
  325   1              if(i==0)
  326   1              {
  327   2                      OLED_WR_Byte(0xA6,OLED_CMD);//正常显示
  328   2              }
  329   1              if(i==1)
  330   1              {
  331   2                      OLED_WR_Byte(0xA7,OLED_CMD);//反色显示
  332   2              }
  333   1      }
  334          
  335          //屏幕旋转180度
  336          void OLED_DisplayTurn(u8 i)
  337          {
  338   1              if(i==0)
  339   1              {
  340   2                      OLED_WR_Byte(0xC8,OLED_CMD);//正常显示
  341   2                      OLED_WR_Byte(0xA1,OLED_CMD);
  342   2              }
  343   1              if(i==1)
  344   1              {
  345   2                      OLED_WR_Byte(0xC0,OLED_CMD);//反转显示
  346   2                      OLED_WR_Byte(0xA0,OLED_CMD);
  347   2              }
  348   1      }
  349          
  350          //开启OLED显示 
  351          void OLED_DisPlay_On(void)
  352          {
  353   1              OLED_WR_Byte(0x8D,OLED_CMD);//电荷泵使能
  354   1              OLED_WR_Byte(0x14,OLED_CMD);//开启电荷泵
  355   1              OLED_WR_Byte(0xAF,OLED_CMD);//点亮屏幕
  356   1      }
  357          
  358          //关闭OLED显示 
  359          void OLED_DisPlay_Off(void)
  360          {
  361   1              OLED_WR_Byte(0x8D,OLED_CMD);//电荷泵使能
  362   1              OLED_WR_Byte(0x10,OLED_CMD);//关闭电荷泵
  363   1              OLED_WR_Byte(0xAE,OLED_CMD);//关闭屏幕
  364   1      }
  365          
  366          
  367          //向SSD1306写入一个字节。
  368          //mode:数据/命令标志 0,表示命令;1,表示数据;
  369          void OLED_WR_Byte(u8 dat,u8 cmd)
  370          {       
  371   1              u8 i;                     
  372   1              if(cmd)
  373   1              {
  374   2                OLED_DC_Set();
*** ERROR C67 IN LINE 374 OF ..\USER\src\oled.c: 'OLED_DC': undefined identifier
C251 COMPILER V5.60.0,  oled                                                               09/10/23  22:25:42  PAGE 7   

  375   2              }
  376   1              else 
  377   1              {
  378   2                OLED_DC_Clr();        
*** ERROR C67 IN LINE 378 OF ..\USER\src\oled.c: 'OLED_DC': undefined identifier
  379   2              }         
  380   1              OLED_CS_Clr();
*** ERROR C67 IN LINE 380 OF ..\USER\src\oled.c: 'OLED_CS': undefined identifier
  381   1              for(i=0;i<8;i++)
  382   1              {                         
  383   2                      OLED_SCL_Clr();
*** ERROR C67 IN LINE 383 OF ..\USER\src\oled.c: 'OLED_SCL': undefined identifier
  384   2                      if(dat&0x80)
  385   2                      {
  386   3                         OLED_SDA_Set();
*** ERROR C67 IN LINE 386 OF ..\USER\src\oled.c: 'OLED_SDA': undefined identifier
  387   3                      }
  388   2                      else 
  389   2                      {
  390   3                         OLED_SDA_Clr();
*** ERROR C67 IN LINE 390 OF ..\USER\src\oled.c: 'OLED_SDA': undefined identifier
  391   3                      }
  392   2                      OLED_SCL_Set();
*** ERROR C67 IN LINE 392 OF ..\USER\src\oled.c: 'OLED_SCL': undefined identifier
  393   2                      dat<<=1;   
  394   2              }                                                 
  395   1              OLED_CS_Set();
*** ERROR C67 IN LINE 395 OF ..\USER\src\oled.c: 'OLED_CS': undefined identifier
  396   1              OLED_DC_Set();            
*** ERROR C67 IN LINE 396 OF ..\USER\src\oled.c: 'OLED_DC': undefined identifier
  397   1      }
  398          
  399          //清屏函数
  400          void OLED_Clear(void)
  401          {
  402   1              u8 i,n;
  403   1              for(i=0;i<8;i++)
  404   1              {
  405   2                       OLED_WR_Byte((u8)(0xb0+i),OLED_CMD);//设置页地址
  406   2                 OLED_WR_Byte((u8)0x10,OLED_CMD);  //设置列地址的高4位
  407   2                 OLED_WR_Byte((u8)0x02,OLED_CMD);  //设置列地址的低4位
  408   2                 for(n=0;n<128;n++)
  409   2                       {
  410   3                               OLED_WR_Byte(0x00,OLED_DATA);//清除所有数据
  411   3                       }
  412   2        }
  413   1      }
  414          
  415          //设置起始地址
  416          void OLED_address(u8 x,u8 y)
  417          {
  418   1              x+=2;
  419   1              OLED_WR_Byte((u8)(0xb0+y),OLED_CMD);              //设置页地址
  420   1              OLED_WR_Byte(((x&0xf0)>>4)|0x10,OLED_CMD);  //设置列地址的高4位
  421   1              OLED_WR_Byte((x&0x0f),OLED_CMD);            //设置列地址的低4位
  422   1      }
  423          
  424          //显示128x64点阵图像
  425          void OLED_Display_128x64(u8 *dp)
  426          {
  427   1              u8 i,j;
  428   1              for(i=0;i<8;i++)
  429   1              {
  430   2                      OLED_address(0,i);
  431   2                      for(j=0;j<128;j++)
  432   2                      {
C251 COMPILER V5.60.0,  oled                                                               09/10/23  22:25:42  PAGE 8   

  433   3                              OLED_WR_Byte(*dp,OLED_DATA); //写数据到OLED,每写完一个8位的数据后列地址自动加1
  434   3                              dp++;
  435   3          }
  436   2        }
  437   1      }
  438          
  439          //显示16x16点阵图像、汉字、生僻字或16x16点阵的其他图标
  440          void OLED_Display_16x16(u8 x,u8 y,u8 *dp)
  441          {
  442   1              u8 i,j;
  443   1              for(j=0;j<2;j++)
  444   1              {
  445   2                      OLED_address(x,y);
  446   2                      for(i=0;i<16;i++)
  447   2                      {
  448   3                              OLED_WR_Byte(*dp,OLED_DATA);  //写数据到OLED,每写完一个8位的数据后列地址自动加1
  449   3                              dp++;
  450   3          }
  451   2                      y++;
  452   2        }
  453   1      }
  454          
  455          //显示8x16点阵图像、ASCII, 或8x16点阵的自造字符、其他图标
  456          void OLED_Display_8x16(u8 x,u8 y,u8 *dp)
  457          {
  458   1              u8 i,j;
  459   1              for(j=0;j<2;j++)
  460   1              {
  461   2                      OLED_address(x,y);
  462   2                      for(i=0;i<8;i++)
  463   2                      {
  464   3                              OLED_WR_Byte(*dp,OLED_DATA);   //写数据到LCD,每写完一个8位的数据后列地址自动加1
  465   3                              dp++;
  466   3          }
  467   2                      y++;
  468   2        }
  469   1      }
  470          
  471          //显示5*7点阵图像、ASCII, 或5x7点阵的自造字符、其他图标
  472          void OLED_Display_5x7(u8 x,u8 y,u8 *dp)
  473          {
  474   1              u8 i;
  475   1        OLED_address(x,y);
  476   1              for(i=0;i<6;i++)
  477   1              {
  478   2                      OLED_WR_Byte(*dp,OLED_DATA);
  479   2                      dp++;
  480   2        }
  481   1      }
  482          
  483          //送指令到晶联讯字库IC
  484          void Send_Command_to_ROM(u8 dat)
  485          {
  486   1              u8 i;
  487   1              for(i=0;i<8;i++)
  488   1              {
  489   2                      OLED_SCL_Clr();
*** ERROR C67 IN LINE 489 OF ..\USER\src\oled.c: 'OLED_SCL': undefined identifier
  490   2                      if(dat&0x80)
  491   2                      {
  492   3                              OLED_SDA_Set();
*** ERROR C67 IN LINE 492 OF ..\USER\src\oled.c: 'OLED_SDA': undefined identifier
  493   3          }
  494   2                      else
  495   2                      {
  496   3                              OLED_SDA_Clr();
C251 COMPILER V5.60.0,  oled                                                               09/10/23  22:25:42  PAGE 9   

*** ERROR C67 IN LINE 496 OF ..\USER\src\oled.c: 'OLED_SDA': undefined identifier
  497   3          }
  498   2                      dat<<=1;
  499   2                      OLED_SCL_Set();
*** ERROR C67 IN LINE 499 OF ..\USER\src\oled.c: 'OLED_SCL': undefined identifier
  500   2        }
  501   1      }
  502          
  503          //从晶联讯字库IC中取汉字或字符数据（1个字节）
  504          u8 Get_data_from_ROM(void)
  505          {
  506   1              u8 i,read=0;
  507   1              for(i=0;i<8;i++)
  508   1              {
  509   2                      OLED_SCL_Clr();
*** ERROR C67 IN LINE 509 OF ..\USER\src\oled.c: 'OLED_SCL': undefined identifier
  510   2                      read<<=1;
  511   2                      if(OLED_READ_FS0)
  512   2                      {
  513   3                              read++;
  514   3          }
  515   2                      OLED_SCL_Set();
*** ERROR C67 IN LINE 515 OF ..\USER\src\oled.c: 'OLED_SCL': undefined identifier
  516   2        }
  517   1              return read;
  518   1      }
  519          
  520          
  521          //从相关地址（addrHigh：地址高字节,addrMid：地址中字节,addrLow：地址低字节）中连续读出DataLen个字节的数据
             -到 pbuff的地址
  522          //连续读取
  523          void OLED_get_data_from_ROM(u8 addrHigh,u8 addrMid,u8 addrLow,u8 *pbuff,u8 DataLen)
  524          {
  525   1              u8 i;
  526   1              OLED_ROM_CS_Clr();
  527   1              Send_Command_to_ROM(0x03);
  528   1              Send_Command_to_ROM(addrHigh);
  529   1              Send_Command_to_ROM(addrMid);
  530   1              Send_Command_to_ROM(addrLow);
  531   1              for(i=0;i<DataLen;i++)
  532   1              {
  533   2                      *(pbuff+i)=Get_data_from_ROM();
  534   2        }
  535   1              OLED_ROM_CS_Set();
  536   1      }
  537          
  538          
  539          u32 fontaddr=0;
  540          void OLED_Display_GB2312_string(u8 x,u8 y,u8 *text)
  541          {
  542   1              u8 i=0;
  543   1              u8 addrHigh,addrMid,addrLow;
  544   1              u8 fontbuf[32];
  545   1              while(text[i]>0x00)
  546   1              {
  547   2                      if((text[i]>=0xb0)&&(text[i]<=0xf7)&&(text[i+1]>=0xa1))
  548   2                      {
  549   3                              //国标简体（GB2312）汉字在晶联讯字库IC中的地址由以下公式来计算：
  550   3                              //Address = ((MSB - 0xB0) * 94 + (LSB - 0xA1)+ 846)*32+ BaseAdd;BaseAdd=0
  551   3                              //由于担心8位单片机有乘法溢出问题，所以分三部取地址
  552   3                              fontaddr=(text[i]-0xb0)*94;
  553   3                              fontaddr+=(text[i+1]-0xa1)+846;
  554   3                              fontaddr=fontaddr*32;
  555   3                              
  556   3                              addrHigh=(fontaddr&0xff0000)>>16;   //地址的高8位,共24位
  557   3                              addrMid=(fontaddr&0xff00)>>8;       //地址的中8位,共24位
C251 COMPILER V5.60.0,  oled                                                               09/10/23  22:25:42  PAGE 10  

  558   3                              addrLow=(fontaddr&0xff);            //地址的低8位,共24位
  559   3                              
  560   3                              OLED_get_data_from_ROM(addrHigh,addrMid,addrLow,fontbuf,32);
  561   3                              //取32个字节的数据，存到"fontbuf[32]"
  562   3                              OLED_Display_16x16(x,y,fontbuf);
  563   3                              //显示汉字到LCD上，y为页地址，x为列地址，fontbuf[]为数据
  564   3                              x+=16;
  565   3                              i+=2;
  566   3          }
  567   2                      else if((text[i]>=0xa1)&&(text[i]<=0xa3)&&(text[i+1]>=0xa1))
  568   2                      {
  569   3                              
  570   3                              fontaddr=(text[i]-0xa1)*94;
  571   3                              fontaddr+=(text[i+1]-0xa1);
  572   3                              fontaddr=fontaddr*32;
  573   3                              
  574   3                              addrHigh=(fontaddr&0xff0000)>>16;
  575   3                              addrMid=(fontaddr&0xff00)>>8;
  576   3                              addrLow=(fontaddr&0xff);
  577   3                              
  578   3                              OLED_get_data_from_ROM(addrHigh,addrMid,addrLow,fontbuf,32);
  579   3                              OLED_Display_16x16(x,y,fontbuf);
  580   3                              x+=16;
  581   3                              i+=2;
  582   3          }
  583   2                      else if((text[i]>=0x20)&&(text[i]<=0x7e))
  584   2                      {
  585   3                              unsigned char fontbuf[16];
  586   3                              fontaddr=(text[i]-0x20);
  587   3                              fontaddr=(unsigned long)(fontaddr*16);
  588   3                              fontaddr=(unsigned long)(fontaddr+0x3cf80);
  589   3                              
  590   3                              addrHigh=(fontaddr&0xff0000)>>16;
  591   3                              addrMid=(fontaddr&0xff00)>>8;
  592   3                              addrLow=fontaddr&0xff;
  593   3                              
  594   3                              OLED_get_data_from_ROM(addrHigh,addrMid,addrLow,fontbuf,16);
  595   3                              OLED_Display_8x16(x,y,fontbuf);
  596   3                              x+=8;
  597   3                              i+=1;
  598   3          }
  599   2                      else 
  600   2                              i++;
  601   2        }
  602   1      }
  603          
  604          void OLED_Display_string_5x7(u8 x,u8 y,u8 *text)
  605          {
  606   1              u8 i=0;
  607   1              u8 addrHigh,addrMid,addrLow;
  608   1              while(text[i]>0x00)
  609   1              {
  610   2                      if((text[i]>=0x20)&&(text[i]<=0x7e))
  611   2                      {
  612   3                              u8 fontbuf[8];
  613   3                              fontaddr=(text[i]-0x20);
  614   3                              fontaddr=(unsigned long)(fontaddr*8);
  615   3                              fontaddr=(unsigned long)(fontaddr+0x3bfc0);
  616   3                              
  617   3                              addrHigh=(fontaddr&0xff0000)>>16;
  618   3                              addrMid=(fontaddr&0xff00)>>8;
  619   3                              addrLow=fontaddr&0xff;
  620   3                              
  621   3                              OLED_get_data_from_ROM(addrHigh,addrMid,addrLow,fontbuf,8);
  622   3                              OLED_Display_5x7(x,y,fontbuf);
  623   3                              x+=6;
C251 COMPILER V5.60.0,  oled                                                               09/10/23  22:25:42  PAGE 11  

  624   3                              i+=1;
  625   3          }
  626   2                      else 
  627   2                              i++;
  628   2        }
  629   1      }
  630          
  631          //显示2个数字
  632          //x,y :起点坐标
  633          //num1：要显示的小数
  634          //len :数字的位数
  635          void OLED_ShowNum(u8 x,u8 y,float num1,u8 len)
  636          {
  637   1              u8 i;
  638   1              u32 t,num;
  639   1              x=x+len*8+8;//要显示的小数最低位的横坐标
  640   1              num=num1*100;//将小数左移两位并转化为整数
  641   1              OLED_Display_GB2312_string((u8)(x-24),y,".");//显示小数点
  642   1              for(i=0;i<len;i++)
  643   1              {
  644   2                      t=num%10;//取个位数的数值
  645   2                      num=num/10;//将整数右移一位
  646   2                      x-=8;
  647   2                      if(i==2){x-=8;}//当显示出来两个小数之后，空出小数点的位置
  648   2                      switch(t)
  649   2                      {
  650   3                              case 0 :OLED_Display_GB2312_string(x,y,"0");break;
  651   3                              case 1 :OLED_Display_GB2312_string(x,y,"1");break;
  652   3                              case 2 :OLED_Display_GB2312_string(x,y,"2");break;
  653   3                              case 3 :OLED_Display_GB2312_string(x,y,"3");break;
  654   3                              case 4 :OLED_Display_GB2312_string(x,y,"4");break;
  655   3                              case 5 :OLED_Display_GB2312_string(x,y,"5");break;
  656   3                              case 6 :OLED_Display_GB2312_string(x,y,"6");break;
  657   3                              case 7 :OLED_Display_GB2312_string(x,y,"7");break;
  658   3                              case 8 :OLED_Display_GB2312_string(x,y,"8");break;
  659   3                              case 9 :OLED_Display_GB2312_string(x,y,"9");break;
  660   3                      }
  661   2              }
  662   1      }
  663          
  664          //OLED的初始化
  665          void OLED_Init(void)
  666          {
  667   1              OLED_CS_Set();
*** ERROR C67 IN LINE 667 OF ..\USER\src\oled.c: 'OLED_CS': undefined identifier
  668   1              OLED_ROM_CS_Set();
  669   1              delay_ms(200);
  670   1              
  671   1              OLED_WR_Byte(0xAE,OLED_CMD); /*display off*/ 
  672   1              OLED_WR_Byte(0x02,OLED_CMD); /*set lower column address*/ 
  673   1              OLED_WR_Byte(0x10,OLED_CMD); /*set higher column address*/ 
  674   1              OLED_WR_Byte(0x40,OLED_CMD); /*set display start line*/ 
  675   1              OLED_WR_Byte(0xB0,OLED_CMD); /*set page address*/
  676   1              OLED_WR_Byte(0x81,OLED_CMD); /*contract control*/ 
  677   1              OLED_WR_Byte(0xcf,OLED_CMD); /*128*/ 
  678   1              OLED_WR_Byte(0xA1,OLED_CMD); /*set segment remap*/ 
  679   1              OLED_WR_Byte(0xA6,OLED_CMD); /*normal / reverse*/ 
  680   1              OLED_WR_Byte(0xA8,OLED_CMD); /*multiplex ratio*/ 
  681   1              OLED_WR_Byte(0x3F,OLED_CMD); /*duty = 1/64*/ 
  682   1              OLED_WR_Byte(0xad,OLED_CMD); /*set charge pump enable*/ 
  683   1              OLED_WR_Byte(0x8b,OLED_CMD); /* 0x8B 内供 VCC */ 
  684   1              OLED_WR_Byte(0x33,OLED_CMD); /*0X30---0X33 set VPP 9V */ 
  685   1              OLED_WR_Byte(0xC8,OLED_CMD); /*Com scan direction*/ 
  686   1              OLED_WR_Byte(0xD3,OLED_CMD); /*set display offset*/ 
  687   1              OLED_WR_Byte(0x00,OLED_CMD); /* 0x20 */ 
  688   1              OLED_WR_Byte(0xD5,OLED_CMD); /*set osc division*/ 
C251 COMPILER V5.60.0,  oled                                                               09/10/23  22:25:42  PAGE 12  

  689   1              OLED_WR_Byte(0x80,OLED_CMD); 
  690   1              OLED_WR_Byte(0xD9,OLED_CMD); /*set pre-charge period*/ 
  691   1              OLED_WR_Byte(0x1f,OLED_CMD); /*0x22*/ 
  692   1              OLED_WR_Byte(0xDA,OLED_CMD); /*set COM pins*/ 
  693   1              OLED_WR_Byte(0x12,OLED_CMD); 
  694   1              OLED_WR_Byte(0xdb,OLED_CMD); /*set vcomh*/ 
  695   1              OLED_WR_Byte(0x40,OLED_CMD);
  696   1              OLED_Clear();
  697   1              OLED_WR_Byte(0xAF,OLED_CMD); /*display ON*/
  698   1      }
  699          
  700          

C251 COMPILATION COMPLETE.  4 WARNING(S),  16 ERROR(S)
