C251 COMPILER V5.60.0,  TF_mini                                                            16/10/23  23:33:45  PAGE 1   


C251 COMPILER V5.60.0, COMPILATION OF MODULE TF_mini
OBJECT MODULE PLACED IN .\Out_File\TF_mini.obj
COMPILER INVOKED BY: D:\Software\Keil_v5\C251\BIN\C251.EXE ..\USER\src\TF_mini.c XSMALL UNSIGNED_CHAR WARNINGLEVEL(3) BR
                    -OWSE INCDIR(..\..\Libraries\libraries;..\..\Libraries\seekfree_libraries;..\..\Libraries\seekfree_peripheral;..\CODE;..\
                    -USER\inc;..\USER\src) DEBUG PRINT(.\Out_File\TF_mini.lst) OBJECT(.\Out_File\TF_mini.obj) 

stmt  level    source

    1          #include "TF_MINI.h"
    2          
    3          // #include "bsp_tfminiplus.h"
    4          //#include "delay.h"
    5          /*获取固件版本 */
    6          uint8_t tf_mini_Get_fir_ver[4]  = {0x5A,0x04,0x01,0x5F}; //5A 07 01 V1 V2 V3 SU 版本 V3.V2.V1
    7          /*系统复位*/
    8          uint8_t tf_mini_System_reset[4] = {0x5A,0x04,0x02,0x60}; //5A 05 02 00 60 配置成功 /
    9          //5A 05 02 01 61 配置失败 /
   10          /*输出帧率*/
   11          uint8_t tf_mini_Output_fra_ra[6]= {0x5A,0x06,0x03,0,0,0}; //5A 06 03 LL HH SU 1-1000Hz 设置① 100Hz
   12          /*单次触发指令*/
   13          uint8_t tf_mini_One_shot[4] =    {0x5A,0x04,0x04,0x62};//数据帧将输出帧率设置为 0后，可通过本指令出发测试
   14          /*输出模式*/
   15          uint8_t tf_mini_Standard_9_bytes_c[5] = {0x5A,0x05,0x05,0x01,0x65};//5A 05 05 01 65 标准 9 字节(cm) √
   16          uint8_t tf_mini_String_format[5] =          {0x5A,0x05,0x05,0x02,0x66}; //5A 05 05 02 66 字符串格式(m)② /
   17          uint8_t tf_mini_Standard_9_bytes_m[5] = {0x5A,0x05,0x05,0x06,0x6A};//5A 05 05 06 6A 标准 9 字节(mm) /
   18          /*波特率 5A 08 06 H1 H2 H3 H4 SU*/
   19          uint8_t tf_mini_Baud_rate[8]= {0x5A,0x08,0x06,0,0,0,0,0}; //5A 08 06 H1 H2 H3 H4 SU 设置波特率③ 115200
   20          /*输出开关*/
   21          uint8_t tf_mini_Dis_en_data_out[5] = {0x5A,0x05,0x07,0x00,0x66};//5A 05 07 00 66 关闭数据输出 /
   22          uint8_t tf_mini_En_data_out[5]  =    {0x5A,0x05,0x07,0x01,0x67};//5A 05 07 01 67 使能数据输出 √
   23          /*通信接口设置*/
   24          uint8_t tf_mini_Comm_set[5]= {0x5A,0x05,0x0A,0,0}; //0（UART） 1（I2C）
   25          
   26          /*修改 I2C 从机地址 0x5A,0x05,0x0B,ADDR,SU*/
   27          uint8_t tf_mini_I2c_slave_addr[5]= {0x5A,0x05,0x0B,0,0}; //原指令 修改 I2c_slave_addr
   28          /*获取测距结果*/
   29          uint8_t tf_mini_data_frames_c[5]= {0x5A,0x05,0x00,0x01,0x60}; //数据帧(标准 9 字节(cm)) 仅 IIC 模式下可用
             - /
   30          uint8_t tf_mini_data_frames_m[5]= {0x5A,0x05,0x00,0x06,0x65}; //数据帧(标准 9 字节(mm))
   31          /*I/O（开关量）模式使能 5A 09 3B MODE DL DH ZoneL ZoneH SU*/
   32          uint8_t tf_mini_switch_value[9] = {0x5A,0x09,0x3B,0,0,0,0,0,0};
   33          // 开启/关闭 I/O（开关量）输出模式
   34          /*MODE：
   35          0 C 标准数据模式
   36          1 C I/O，近高远低
   37          2 C I/O，近低远高
   38          Zone：滞回区间
   39          0（标准数
   40          据模式）*/
   41          /*恢复出厂设置*/
   42          uint8_t tf_mini_Res_fac_set[4]= {0x5A,0x04,0x10,0x6E}; //5A 05 10 00 6E 配置成功
   43          //5A 05 10 01 6F 配置失败
   44          /*保存设置*/
   45          uint8_t tf_mini_save_settings[4]= {0x5A,0x04,0x11,0x6F}; //5A 05 11 00 6F 配置成功
   46          //5A 05 11 01 70 配置失败
   47          Tf_Mini_Plus distance_data;
   48          void mx_iic2_init(void)
   49          {
   50   1      //    GPIO_InitTypeDef  GPIO_InitStructure;
   51   1      
   52   1      //    RCC_AHB1PeriphClockCmd(RCC_AHB1Periph_GPIOE, ENABLE);//使能GPIOB时钟
   53   1      
   54   1      //    //GPIOF0,F1初始化设置
   55   1      //    GPIO_InitStructure.GPIO_Pin = GPIO_Pin_4 | GPIO_Pin_5;
   56   1      //    GPIO_InitStructure.GPIO_Mode = GPIO_Mode_OUT;//普通输出模式
C251 COMPILER V5.60.0,  TF_mini                                                            16/10/23  23:33:45  PAGE 2   

   57   1      //    GPIO_InitStructure.GPIO_OType = GPIO_OType_PP;//推挽输出
   58   1      //    GPIO_InitStructure.GPIO_Speed = GPIO_Speed_100MHz;//100MHz
   59   1      //    GPIO_InitStructure.GPIO_PuPd = GPIO_PuPd_UP;//上拉
   60   1      //    GPIO_Init(GPIOE, &GPIO_InitStructure);//初始化
   61   1      
   62   1      //    I2C_SCL_H();
   63   1      //    I2C_SDA_H();
   64   1      }
   65          //产生IIC起始信号
   66          static void I2C_Generate_Start(void)
   67          {
   68   1          //TF_SDA_OUT();
   69   1      
   70   1          I2C_SDA_H();
   71   1          I2C_SCL_H();
   72   1          delay_us(5);
   73   1          I2C_SDA_L();
   74   1          delay_us(5);
   75   1          I2C_SCL_L();
   76   1          delay_us(5);
   77   1      }
   78          //产生IIC停止信号
   79          static void I2C_Generate_Stop(void)
   80          {
   81   1          I2C_SCL_L();
   82   1          I2C_SDA_L();
   83   1          delay_us(5);
   84   1          I2C_SCL_H();
   85   1          delay_us(5);
   86   1          I2C_SDA_H();
   87   1          delay_us(5);
   88   1      }
   89          //产生ACK应答
   90          static void I2C_Generate_Ack(iic_ack_typedef ack)
   91          {
   92   1          if(ack == I2C_NACK)
   93   1              {
   94   2                  I2C_SDA_H();
   95   2              }
   96   1          else
   97   1              {
   98   2                  I2C_SDA_L();
   99   2              }
  100   1      
  101   1          delay_us(5);
  102   1          I2C_SCL_H();
  103   1          delay_us(5);
  104   1          I2C_SCL_L();
  105   1      }
  106          
  107          static iic_ack_typedef I2C_RecvAck(uint32_t Timeout)
  108          {
  109   1          uint32_t timeout = 0;
  110   1          iic_ack_typedef ackStatus;
  111   1      
  112   1          I2C_SDA_H();
  113   1          //TF_SDA_IN();
  114   1      
  115   1          delay_us(5);
  116   1          I2C_SCL_H();
  117   1          delay_us(5);
  118   1          while(1)
  119   1              {
  120   2                  ackStatus = (TF_SIMIIC_SDA_PIN == Bit_RESET) ? I2C_ACK : I2C_NACK;
  121   2                  if(ackStatus == I2C_ACK)
  122   2                      {
C251 COMPILER V5.60.0,  TF_mini                                                            16/10/23  23:33:45  PAGE 3   

  123   3                          break;
  124   3                      }
  125   2      
  126   2                  if((timeout++) > Timeout)
  127   2                      {
  128   3                          ackStatus = I2C_NACK;
  129   3                          break;
  130   3                      }
  131   2              }
  132   1      
  133   1          I2C_SCL_L();
  134   1          delay_us(5);
  135   1          //TF_SDA_OUT();
  136   1          return ackStatus;
  137   1      }
  138          //IIC发送一个字节
  139          static iic_ack_typedef I2C_SendByte(uint8_t tf_data, uint32_t Timeout)
  140          {
  141   1          uint32_t i;
  142   1      
  143   1          I2C_SCL_L();
  144   1      
  145   1          for (i = 0; i < 8; i++)
  146   1              {
  147   2                  if((tf_data << i)&0x80)
  148   2                      {
  149   3                          I2C_SDA_H();
  150   3                      }
  151   2                  else
  152   2                      {
  153   3                          I2C_SDA_L();
  154   3                      }
  155   2                  I2C_SCL_H();
  156   2                  delay_us(5);
  157   2                  I2C_SCL_L();
  158   2                  delay_us(5);
  159   2              }
  160   1      
  161   1          return I2C_RecvAck(Timeout);
  162   1      }
  163          
  164          //读1个字节
  165          static uint8_t I2C_RecvByte(void)
  166          {
  167   1          uint32_t i = 0;
  168   1          uint32_t tf_data = 0;
  169   1                uint32_t BitStatus ;
  170   1      
  171   1          I2C_SDA_H();
  172   1          //TF_SDA_IN();
  173   1          delay_us(5);
  174   1          for (i = 0; i < 8; i++)
  175   1              {
  176   2                  tf_data <<= 1;
  177   2                  I2C_SCL_H();
  178   2                  delay_us(5);
  179   2      
  180   2                  BitStatus = (TF_SIMIIC_SDA_PIN == Bit_SET) ? 1 : 0;
  181   2                  tf_data |= BitStatus;
  182   2      
  183   2                  I2C_SCL_L();
  184   2                  delay_us(5);
  185   2              }
  186   1          //TF_SDA_OUT();
  187   1          return tf_data;
  188   1      }
C251 COMPILER V5.60.0,  TF_mini                                                            16/10/23  23:33:45  PAGE 4   

  189          //iic写
  190          static iic_status_typedef I2C_DummyWrite(uint8_t SlaveAddr, uint16_t RegAddr, uint8_t OperLen, uint32_t T
             -imeout)
  191          {
  192   1          I2C_Generate_Start();
  193   1          if(I2C_SendByte((SlaveAddr<<1) | I2C_Transmitter, Timeout) != I2C_ACK)
  194   1              {
  195   2                  I2C_Generate_Stop();
  196   2                  return I2C_ERROR;
  197   2              }
  198   1          if(I2C_SendByte((RegAddr >> 8) & 0xFF, Timeout) != I2C_ACK)
  199   1              {
  200   2                  I2C_Generate_Stop();
  201   2                  return I2C_ERROR;
  202   2              }
  203   1          if(I2C_SendByte(RegAddr & 0xFF, Timeout) != I2C_ACK)
  204   1              {
  205   2                  I2C_Generate_Stop();
  206   2                  return I2C_ERROR;
  207   2              }
  208   1          if(I2C_SendByte(OperLen, Timeout) != I2C_ACK)
  209   1              {
  210   2                  I2C_Generate_Stop();
  211   2                  return I2C_ERROR;
  212   2              }
  213   1          return I2C_OK;
  214   1      }
  215          
  216          iic_status_typedef I2C_SendBytes(uint8_t SlaveAddr, uint16_t RegAddr, uint8_t *TxBuf, uint8_t OperLen, ui
             -nt32_t Timeout)
  217          {
  218   1          uint8_t i = 0;
  219   1          if(I2C_DummyWrite(SlaveAddr, RegAddr, OperLen, Timeout) != I2C_OK)
  220   1              {
  221   2                  I2C_Generate_Stop();
  222   2                  return I2C_ERROR;
  223   2              }
  224   1          I2C_Generate_Start();
  225   1          if(I2C_SendByte((SlaveAddr<<1) | I2C_Transmitter, Timeout) != I2C_ACK)
  226   1              {
  227   2                  I2C_Generate_Stop();
  228   2                  return I2C_ERROR;
  229   2              }
  230   1          for(i = 0; i < OperLen; i++)
  231   1              {
  232   2                  if(I2C_SendByte(TxBuf[i], Timeout) != I2C_ACK)
  233   2                      {
  234   3                          I2C_Generate_Stop();
  235   3                          return I2C_ERROR;
  236   3                      }
  237   2              }
  238   1          I2C_Generate_Stop();
  239   1          return I2C_OK;
  240   1      }
  241          
  242          iic_status_typedef I2C_RecvBytes(uint8_t SlaveAddr, uint16_t RegAddr, uint8_t *Rxbuf, uint8_t OperLen, ui
             -nt32_t Timeout)
  243          {
  244   1          uint8_t i = 0;
  245   1          if(I2C_DummyWrite(SlaveAddr, RegAddr, OperLen, Timeout) != I2C_OK)
  246   1              {
  247   2                  I2C_Generate_Stop();
  248   2                  return I2C_ERROR;
  249   2              }
  250   1          I2C_Generate_Start();
  251   1          if(I2C_SendByte((SlaveAddr<<1) | I2C_Receiver, Timeout) != I2C_ACK)
C251 COMPILER V5.60.0,  TF_mini                                                            16/10/23  23:33:45  PAGE 5   

  252   1              {
  253   2                  I2C_Generate_Stop();
  254   2                  return I2C_ERROR;
  255   2              }
  256   1          for(i = 0; i < OperLen - 1; i++)
  257   1              {
  258   2                  Rxbuf[i] = I2C_RecvByte();
  259   2                  I2C_Generate_Ack(I2C_ACK);
  260   2              }
  261   1          Rxbuf[OperLen - 1] = I2C_RecvByte();
  262   1          I2C_Generate_Ack(I2C_NACK);
  263   1          I2C_Generate_Stop();
  264   1          return I2C_OK;
  265   1      }
  266          
  267          
  268          
  269          
  270          
  271          void get_distance(Tf_Mini_Plus* Tf_Mini_Dis,uint8_t addr)
  272          {
  273   1          uint8_t buf[7];
  274   1          iic_status_typedef i2CStatus;
  275   1          i2CStatus = I2C_RecvBytes(addr,0x102, buf,7,100);
  276   1          if(i2CStatus == I2C_OK)
  277   1              {
  278   2                  Tf_Mini_Dis->Mode = buf[6];
  279   2                  Tf_Mini_Dis->Dist = buf[2] | (buf[3] << 8);
  280   2                  Tf_Mini_Dis->Strength = buf[4] | (buf[5] << 8);
  281   2              }
  282   1      }
  283          
  284          
  285          


Module Information          Static   Overlayable
------------------------------------------------
  code size            =       801     ------
  ecode size           =    ------     ------
  data size            =    ------     ------
  idata size           =    ------     ------
  pdata size           =    ------     ------
  xdata size           =    ------     ------
  xdata-const size     =    ------     ------
  edata size           =        95         47
  bit size             =    ------     ------
  ebit size            =    ------     ------
  bitaddressable size  =    ------     ------
  ebitaddressable size =    ------     ------
  far data size        =    ------     ------
  huge data size       =    ------     ------
  const size           =    ------     ------
  hconst size          =       156     ------
End of Module Information.


C251 COMPILATION COMPLETE.  0 WARNING(S),  0 ERROR(S)
